
ROM used: 664 (32%)
          664 (32%) including unused fragments

          2 Average locations per line
          7 Average locations per statement

RAM used: 24 (11%) at main() level
          34 (15%) worst case

Stack used: 7 worst case (out of 4 total available)

Lines Stmts  %   Files
----- ----- ---  -----
  107    46  48  al.c
  208     0   0  ..\..\..\..\..\Program Files (x86)\PICC\devices\16f628A.h
  125    50  52  lcd2x16.c
----- -----
  440    96 Total

Page ROM  %  RAM   Vol Diff  Functions:
---- --- --- ---   --- ----  ----------
0     21   3   1             @delay_ms1
0     33   5   1   212  1.8  data_tara
0     47   7   2   420  2.9  lcd_command
0     47   7   2   420  2.9  lcd_yaz
 Inline        3   181  4.3  adres
0     98  15   1   367  3.8  lcd_ayarla
0      4   1   0    17  0.8  lcd_sil
0    204  31   2  1357  7.2  kesme
0     16   2   0             @const72
0     19   3   0             @const73
0     20   3   0             @const74
0     22   3   0             @const75
0      6   1   0             @const76
0     22   3   0             @const77
0     52   8   0   181  2.2  MAIN

Program metrics:
    Functions               8
    Statements              96
    Comments                105
    Volume (V)              4607
    Difficilty (D)          25.6
    Effort to implement (E) 118139
    Time to implement (T)   1 hours, 49 minutes
    Est Delivered Bugs (B)  1
    Cyclomatic Complexity   10
    Maintainability (MI)    66

 Segment     Used  Free
-----------  ----  ----
00000-00003     4  0  
00004-00034    49  0  
00035-007FF   611  1384  



