
ROM used: 332 (16%)
          332 (16%) including unused fragments

          1 Average locations per line
          5 Average locations per statement

RAM used: 7 (3%) at main() level
          12 (5%) worst case

Stack used: 3 worst case (out of 8 total available)

Lines Stmts  %   Files
----- ----- ---  -----
   66    23  32  gonder.c
  208     0   0  ..\..\..\..\..\Program Files (x86)\PICC\devices\16f628A.h
  125    50  68  lcd2x16.c
----- -----
  399    73 Total

Page ROM  %  RAM   Vol Diff  Functions:
---- --- --- ---   --- ----  ----------
0     21   6   1             @delay_ms1
0     33  10   1   212  1.8  data_tara
0     47  14   2   420  2.9  lcd_command
0     47  14   2   420  2.9  lcd_yaz
0     20   6   3   181  4.3  adres
0     44  13   1   367  3.8  lcd_ayarla
0     24   7   1   250  3.2  btn_oku
0     58  17   1   179  2.5  MAIN
0     16   5   0             @const71
0     18   5   0             @const72

Program metrics:
    Functions               7
    Statements              73
    Comments                101
    Volume (V)              3113
    Difficilty (D)          21.0
    Effort to implement (E) 65523
    Time to implement (T)   1 hours, 1 minutes
    Est Delivered Bugs (B)  1
    Cyclomatic Complexity   7
    Maintainability (MI)    82

 Segment     Used  Free
-----------  ----  ----
00000-00003     4  0  
00004-007FF   328  1716  



